#-----------------------------------------------------------
# Vivado v2018.2 (64-bit)
# SW Build 2258646 on Thu Jun 14 20:03:12 MDT 2018
# IP Build 2256618 on Thu Jun 14 22:10:49 MDT 2018
# Start of session at: Sun May 12 11:21:46 2019
# Process ID: 4864
# Current directory: C:/Users/11438/cpu_multiple_cycle
# Command line: vivado.exe -gui_launcher_event rodinguilauncherevent8756 C:\Users\11438\cpu_multiple_cycle\cpu_multiple_cycle.xpr
# Log file: C:/Users/11438/cpu_multiple_cycle/vivado.log
# Journal file: C:/Users/11438/cpu_multiple_cycle\vivado.jou
#-----------------------------------------------------------
start_gui
open_project C:/Users/11438/cpu_multiple_cycle/cpu_multiple_cycle.xpr
Scanning sources...
Finished scanning sources
INFO: [IP_Flow 19-234] Refreshing IP repositories
INFO: [IP_Flow 19-1704] No user IP repositories specified
INFO: [IP_Flow 19-2313] Loaded Vivado IP repository 'F:/Xilinx/Vivado/2018.2/data/ip'.
INFO: [Common 17-41] Interrupt caught. Command should exit soon.
INFO: [Common 17-344] 'open_project' was cancelled
exit
INFO: [Common 17-206] Exiting Vivado at Sun May 12 11:22:12 2019...
