#
# A fatal error has been detected by the Java Runtime Environment:
#
#  EXCEPTION_UNCAUGHT_CXX_EXCEPTION (0xe06d7363) at pc=0x00007ffe2c349129, pid=5864, tid=0x0000000000001b48
#
# JRE version: Java(TM) SE Runtime Environment (8.0_112-b15) (build 1.8.0_112-b15)
# Java VM: Java HotSpot(TM) 64-Bit Server VM (25.112-b15 mixed mode windows-amd64 compressed oops)
# Problematic frame:
# C  [KERNELBASE.dll+0x39129]
#
# Failed to write core dump. Minidumps are not enabled by default on client versions of Windows
#
# If you would like to submit a bug report, please visit:
#   http://bugreport.java.com/bugreport/crash.jsp
# The crash happened outside the Java Virtual Machine in native code.
# See problematic frame for where to report the bug.
#

---------------  T H R E A D  ---------------

Current thread (0x000002a77f474000):  JavaThread "AWT-EventQueue-1" [_thread_in_native, id=6984, stack(0x000000eb50100000,0x000000eb50600000)]

siginfo: ExceptionCode=0xe06d7363, ExceptionInformation=0x0000000019930520 0x000000eb505fa6a0 0x00007ffde04ffd78 0x00007ffddfa10000 

Registers:
RAX=0x000004005188d901, RBX=0x00007ffddff33c20, RCX=0x000000eb505ff3d8, RDX=0x000002a7000008f0
RSP=0x000000eb505fa520, RBP=0x000000eb505fa660, RSI=0x00007ffde04ffd78, RDI=0x000002a74beb0010
R8 =0x000002a77ea82238, R9 =0x000000eb505fa4c0, R10=0x000002a77f474000, R11=0x000002a701ba8090
R12=0x0000000000000000, R13=0x000000eb505fab90, R14=0x000000eb505fa6a0, R15=0x000002a772892400
RIP=0x00007ffe2c349129, EFLAGS=0x0000000000000202

Top of Stack: (sp=0x000000eb505fa520)
0x000000eb505fa520:   00000007bc8621b8 00007ffddff33c20
0x000000eb505fa530:   00007ffde04ffd78 000002a74beb0010
0x000000eb505fa540:   00000001e06d7363 0000000000000000
0x000000eb505fa550:   00007ffe2c349129 0000000700000004
0x000000eb505fa560:   0000000019930520 000000eb505fa6a0
0x000000eb505fa570:   00007ffde04ffd78 00007ffddfa10000
0x000000eb505fa580:   000000eb505fab90 0000000000000000
0x000000eb505fa590:   000002a74beb0010 00007ffde04ffd78
0x000000eb505fa5a0:   000000eb505fa660 00007ffe2f3f48cf
0x000000eb505fa5b0:   000000eb505fa680 00007ffd00000000
0x000000eb505fa5c0:   0000000000000000 0000000000000000
0x000000eb505fa5d0:   00007ffde07a1000 00007ffddfa10000
0x000000eb505fa5e0:   0000701570b94817 0000054e97d60030
0x000000eb505fa5f0:   00007ffddff33c20 00007ffe1cee4722
0x000000eb505fa600:   000000eb49ef5000 00007ffe2f38daad
0x000000eb505fa610:   000000eb505faa50 0000000700000002 

Instructions: (pc=0x00007ffe2c349129)
0x00007ffe2c349109:   8b d1 44 0f 47 c0 44 89 44 24 38 49 c1 e0 03 e8
0x00007ffe2c349119:   5a 17 05 00 48 8d 4c 24 20 48 ff 15 ef 21 16 00
0x00007ffe2c349129:   0f 1f 44 00 00 48 8b 8c 24 c0 00 00 00 48 33 cc
0x00007ffe2c349139:   e8 62 e2 04 00 48 81 c4 d8 00 00 00 c3 83 64 24 


Register to memory mapping:

RAX=0x000004005188d901 is an unknown value
RBX=0x00007ffddff33c20 is an unknown value
RCX=0x000000eb505ff3d8 is pointing into the stack for thread: 0x000002a77f474000
RDX=0x000002a7000008f0 is at begin+185 in a stub
StubRoutines::call_stub [0x000002a700000837, 0x000002a7000009a1[ (362 bytes)
RSP=0x000000eb505fa520 is pointing into the stack for thread: 0x000002a77f474000
RBP=0x000000eb505fa660 is pointing into the stack for thread: 0x000002a77f474000
RSI=0x00007ffde04ffd78 is an unknown value
RDI=0x000002a74beb0010 is an unknown value
R8 =0x000002a77ea82238 is an unknown value
R9 =0x000000eb505fa4c0 is pointing into the stack for thread: 0x000002a77f474000
R10=0x000002a77f474000 is a thread
R11=0x000002a701ba8090 is at entry_point+1776 in (nmethod*)0x000002a701ba77d0
R12=0x0000000000000000 is an unknown value
R13=0x000000eb505fab90 is pointing into the stack for thread: 0x000002a77f474000
R14=0x000000eb505fa6a0 is pointing into the stack for thread: 0x000002a77f474000
R15=0x000002a772892400 is an unknown value


Stack: [0x000000eb50100000,0x000000eb50600000],  sp=0x000000eb505fa520,  free space=5097k
Native frames: (J=compiled Java code, j=interpreted, Vv=VM code, C=native code)
C  [KERNELBASE.dll+0x39129]
C  [VCRUNTIME140.dll+0x4722]
C  [librdi_common.dll+0x523c6b]
C  [MSVCP140.dll+0x1ae27]
C  [ucrtbase.dll+0x68abc]
C  [librdi_common.dll+0x6f1167]
C  [librdi_common.dll+0x120649]
C  0x00007ffdae26a20d
C  0x000002a70069411a

Java frames: (J=compiled Java code, j=interpreted, Vv=VM code)
J 19357  ui.data.labtools.lthwdatai.HWDevice_getName(J)Ljava/lang/String; (0 bytes) @ 0x000002a700694081 [0x000002a700694040+0x41]
J 21408 C1 ui.data.labtools.d.getName()Ljava/lang/String; (5 bytes) @ 0x000002a702b9c484 [0x000002a702b9c3c0+0xc4]
j  ui.views.ct.eUy()Ljava/lang/String;+11
j  ui.views.bw.eUy()Ljava/lang/String;+33
j  ui.views.ct.bD(Lui/data/bo;)V+29
j  ui.views.ct.eWq()V+41
j  ui.views.bw.eUD()V+1
j  ui.views.bw$$Lambda$75.run()V+4
J 12210 C2 java.awt.EventQueue$3.run()Ljava/lang/Object; (5 bytes) @ 0x000002a7022dda3c [0x000002a7022dd320+0x71c]
v  ~StubRoutines::call_stub
J 2404  java.security.AccessController.doPrivileged(Ljava/security/PrivilegedAction;Ljava/security/AccessControlContext;)Ljava/lang/Object; (0 bytes) @ 0x000002a7007dd466 [0x000002a7007dd400+0x66]
J 12904 C2 ui.frmwork.b.d.dispatchEvent(Ljava/awt/AWTEvent;)V (45 bytes) @ 0x000002a7025ddf30 [0x000002a7025ddb80+0x3b0]
J 20255 C2 java.awt.EventDispatchThread.pumpOneEventForFilters(I)V (295 bytes) @ 0x000002a70338d924 [0x000002a70338d540+0x3e4]
J 20708 C2 java.awt.EventDispatchThread.pumpEventsForFilter(ILjava/awt/Conditional;Ljava/awt/EventFilter;)V (47 bytes) @ 0x000002a7037c3ad4 [0x000002a7037c38e0+0x1f4]
j  java.awt.EventDispatchThread.pumpEventsForFilter(Ljava/awt/Conditional;Ljava/awt/EventFilter;)V+4
j  java.awt.WaitDispatchSupport$2.run()V+59
j  java.awt.WaitDispatchSupport$4.run()Ljava/lang/Void;+4
j  java.awt.WaitDispatchSupport$4.run()Ljava/lang/Object;+1
v  ~StubRoutines::call_stub
J 198  java.security.AccessController.doPrivileged(Ljava/security/PrivilegedAction;)Ljava/lang/Object; (0 bytes) @ 0x000002a700185c12 [0x000002a700185bc0+0x52]
j  java.awt.WaitDispatchSupport.enter()Z+279
j  java.awt.Dialog.show()V+233
J 21477 C1 java.awt.Window.setVisible(Z)V (6 bytes) @ 0x000002a70369c664 [0x000002a70369c420+0x244]
j  java.awt.Dialog.setVisible(Z)V+2
j  ui.b.c.g.setVisible(Z)V+2
j  ui.b.c.bx.showDialog()V+64
j  ui.b.c.bE.actionPerformed(Ljava/awt/event/ActionEvent;)V+8
j  ui.b.c.bx.cDw()V+464
j  ui.views.c.s.b.f.run()V+4
j  ui.views.S.V.a(Ljava/lang/String;ZLjava/lang/Runnable;Ljava/lang/Runnable;)Z+252
j  ui.views.S.V.a(Ljava/lang/String;Ljava/lang/Runnable;Ljava/lang/Runnable;)Z+5
j  ui.views.S.V.a(Ljava/lang/String;Ljava/lang/Runnable;)Z+4
j  ui.views.c.s.b.d.b(Lui/data/design/A;Ljava/lang/String;Ljava/lang/String;)V+619
j  ui.views.c.s.b.d.C(Lui/data/design/A;)V+6
j  ui.views.c.s.b.d.D(Lui/data/design/A;)V+134
j  ui.views.c.s.b.d.run()V+280
j  ui.frmwork.a.dMm()Z+79
j  ui.utils.aM.actionPerformed(Ljava/awt/event/ActionEvent;)V+4
j  javax.swing.AbstractButton.fireActionPerformed(Ljava/awt/event/ActionEvent;)V+83
j  javax.swing.AbstractButton$Handler.actionPerformed(Ljava/awt/event/ActionEvent;)V+5
j  javax.swing.DefaultButtonModel.fireActionPerformed(Ljava/awt/event/ActionEvent;)V+34
J 22062 C1 javax.swing.DefaultButtonModel.setPressed(Z)V (125 bytes) @ 0x000002a701655edc [0x000002a701654ae0+0x13fc]
j  javax.swing.AbstractButton.doClick(I)V+64
j  javax.swing.plaf.basic.BasicMenuItemUI.doClick(Ljavax/swing/MenuSelectionManager;)V+53
j  javax.swing.plaf.basic.BasicMenuItemUI$Handler.mouseReleased(Ljava/awt/event/MouseEvent;)V+76
J 18473 C1 java.awt.AWTEventMulticaster.mouseReleased(Ljava/awt/event/MouseEvent;)V (27 bytes) @ 0x000002a701a424fc [0x000002a701a422e0+0x21c]
J 22306 C2 javax.swing.JComponent.processMouseEvent(Ljava/awt/event/MouseEvent;)V (27 bytes) @ 0x000002a702c7619c [0x000002a702c76000+0x19c]
J 10658 C2 java.awt.Container.processEvent(Ljava/awt/AWTEvent;)V (22 bytes) @ 0x000002a701746b3c [0x000002a701746a20+0x11c]
J 21801 C2 java.awt.Component.dispatchEventImpl(Ljava/awt/AWTEvent;)V (883 bytes) @ 0x000002a703db5570 [0x000002a703db4540+0x1030]
J 20033 C2 java.awt.Container.dispatchEventImpl(Ljava/awt/AWTEvent;)V (129 bytes) @ 0x000002a702952f78 [0x000002a702952f20+0x58]
J 20185 C2 java.awt.LightweightDispatcher.retargetMouseEvent(Ljava/awt/Component;ILjava/awt/event/MouseEvent;)V (350 bytes) @ 0x000002a7014bacf8 [0x000002a7014ba7e0+0x518]
J 20022 C2 java.awt.Window.dispatchEventImpl(Ljava/awt/AWTEvent;)V (23 bytes) @ 0x000002a702e39190 [0x000002a702e38aa0+0x6f0]
J 12210 C2 java.awt.EventQueue$3.run()Ljava/lang/Object; (5 bytes) @ 0x000002a7022dd6f4 [0x000002a7022dd320+0x3d4]
v  ~StubRoutines::call_stub
J 2404  java.security.AccessController.doPrivileged(Ljava/security/PrivilegedAction;Ljava/security/AccessControlContext;)Ljava/lang/Object; (0 bytes) @ 0x000002a7007dd466 [0x000002a7007dd400+0x66]
J 16158 C2 java.awt.EventQueue$4.run()Ljava/lang/Object; (5 bytes) @ 0x000002a702f50268 [0x000002a702f500e0+0x188]
v  ~StubRoutines::call_stub
J 2404  java.security.AccessController.doPrivileged(Ljava/security/PrivilegedAction;Ljava/security/AccessControlContext;)Ljava/lang/Object; (0 bytes) @ 0x000002a7007dd466 [0x000002a7007dd400+0x66]
J 12904 C2 ui.frmwork.b.d.dispatchEvent(Ljava/awt/AWTEvent;)V (45 bytes) @ 0x000002a7025dde38 [0x000002a7025ddb80+0x2b8]
J 20255 C2 java.awt.EventDispatchThread.pumpOneEventForFilters(I)V (295 bytes) @ 0x000002a70338d924 [0x000002a70338d540+0x3e4]
J 20322% C2 java.awt.EventDispatchThread.pumpEventsForFilter(ILjava/awt/Conditional;Ljava/awt/EventFilter;)V (47 bytes) @ 0x000002a701ba7aa0 [0x000002a701ba79a0+0x100]
j  java.awt.EventDispatchThread.pumpEventsForHierarchy(ILjava/awt/Conditional;Ljava/awt/Component;)V+11
j  java.awt.EventDispatchThread.pumpEvents(ILjava/awt/Conditional;)V+4
j  java.awt.EventDispatchThread.pumpEvents(Ljava/awt/Conditional;)V+3
j  java.awt.EventDispatchThread.run()V+9
v  ~StubRoutines::call_stub

---------------  P R O C E S S  ---------------

Java Threads: ( => current thread )
  0x000002a7129ed000 JavaThread "Run Simulation" [_thread_blocked, id=13296, stack(0x000000eb54300000,0x000000eb54800000)]
  0x000002a7129e9800 JavaThread "Thread-765" [_thread_in_native, id=9316, stack(0x000000eb51c00000,0x000000eb51d00000)]
  0x000002a7129e7000 JavaThread "Thread-762" [_thread_in_native, id=8736, stack(0x000000eb4a100000,0x000000eb4a200000)]
  0x000002a70fcb3800 JavaThread "Thread-739" [_thread_in_native, id=10904, stack(0x000000eb53f00000,0x000000eb54000000)]
  0x000002a70f2a9000 JavaThread "Thread-699" [_thread_in_native, id=3440, stack(0x000000eb51b00000,0x000000eb51c00000)]
  0x000002a70f2b4800 JavaThread "SyntheticaAnimation 50" daemon [_thread_blocked, id=12072, stack(0x000000eb53600000,0x000000eb53b00000)]
  0x000002a70f2b8000 JavaThread "Thread-251" [_thread_in_native, id=2556, stack(0x000000eb4a200000,0x000000eb4a300000)]
  0x000002a70f2b7800 JavaThread "Thread-250" [_thread_in_native, id=13328, stack(0x000000eb4a100000,0x000000eb4a200000)]
  0x000002a70f2b3000 JavaThread "Thread-101" [_thread_in_native, id=7712, stack(0x000000eb4f600000,0x000000eb4f700000)]
  0x000002a70f2b2000 JavaThread "Thread-100" [_thread_in_native, id=9944, stack(0x000000eb4f500000,0x000000eb4f600000)]
  0x000002a70f2aa000 JavaThread "SyntheticaAnimation 50" daemon [_thread_blocked, id=16800, stack(0x000000eb53100000,0x000000eb53600000)]
  0x000002a70f2b1800 JavaThread "Thread-26" [_thread_in_native, id=16096, stack(0x000000eb4a100000,0x000000eb4a200000)]
  0x000002a70f2ae800 JavaThread "Thread-25" [_thread_in_native, id=12508, stack(0x000000eb4a000000,0x000000eb4a100000)]
  0x000002a70f2af000 JavaThread "hw_ila_monitor" [_thread_blocked, id=17488, stack(0x000000eb52c00000,0x000000eb53100000)]
  0x000002a70f2ac000 JavaThread "Update Runs Swing Worker" [_thread_blocked, id=16812, stack(0x000000eb51500000,0x000000eb51a00000)]
  0x000002a70fcb8000 JavaThread "Refresh Filesets Swing Worker" [_thread_blocked, id=1312, stack(0x000000eb51000000,0x000000eb51500000)]
  0x000002a70fcb7800 JavaThread "SyntheticaAnimation 70" daemon [_thread_blocked, id=12692, stack(0x000000eb50600000,0x000000eb50b00000)]
  0x000002a70fcb6800 JavaThread "SyntheticaAnimation 25" daemon [_thread_blocked, id=9168, stack(0x000000eb52200000,0x000000eb52700000)]
  0x000002a70fcb5000 JavaThread "SyntheticaAnimation 50" daemon [_thread_blocked, id=13272, stack(0x000000eb51d00000,0x000000eb52200000)]
  0x000002a70fcb3000 JavaThread "SyntheticaCleanerThread" daemon [_thread_blocked, id=5772, stack(0x000000eb50b00000,0x000000eb51000000)]
  0x000002a70f53c000 JavaThread "Batik CleanerThread" daemon [_thread_blocked, id=12204, stack(0x000000eb4f700000,0x000000eb4fc00000)]
=>0x000002a77f474000 JavaThread "AWT-EventQueue-1" [_thread_in_native, id=6984, stack(0x000000eb50100000,0x000000eb50600000)]
  0x000002a77f5e6800 JavaThread "Process Messages" [_thread_blocked, id=17092, stack(0x000000eb4fc00000,0x000000eb50100000)]
  0x000002a77f3ce000 JavaThread "Thread-3" [_thread_in_native, id=13748, stack(0x000000eb4a400000,0x000000eb4b800000)]
  0x000002a77f298000 JavaThread "AWT-Windows" daemon [_thread_in_native, id=8788, stack(0x000000eb4ed00000,0x000000eb4f200000)]
  0x000002a77f297800 JavaThread "AWT-Shutdown" [_thread_blocked, id=13812, stack(0x000000eb4e800000,0x000000eb4ed00000)]
  0x000002a77f2be000 JavaThread "Java2D Disposer" daemon [_thread_blocked, id=15036, stack(0x000000eb4e300000,0x000000eb4e800000)]
  0x000002a77f224800 JavaThread "TimerQueue" daemon [_thread_blocked, id=18308, stack(0x000000eb4de00000,0x000000eb4e300000)]
  0x000002a77dafb000 JavaThread "Service Thread" daemon [_thread_blocked, id=14872, stack(0x000000eb4d800000,0x000000eb4dd00000)]
  0x000002a77dafa000 JavaThread "C1 CompilerThread2" daemon [_thread_blocked, id=5060, stack(0x000000eb4d700000,0x000000eb4d800000)]
  0x000002a77daf5000 JavaThread "C2 CompilerThread1" daemon [_thread_blocked, id=15280, stack(0x000000eb4d600000,0x000000eb4d700000)]
  0x000002a77daa1000 JavaThread "C2 CompilerThread0" daemon [_thread_blocked, id=14616, stack(0x000000eb4d500000,0x000000eb4d600000)]
  0x000002a77daa0000 JavaThread "Attach Listener" daemon [_thread_blocked, id=16392, stack(0x000000eb4d000000,0x000000eb4d500000)]
  0x000002a77da9f000 JavaThread "Signal Dispatcher" daemon [_thread_blocked, id=7528, stack(0x000000eb4cb00000,0x000000eb4d000000)]
  0x000002a77da74800 JavaThread "Finalizer" daemon [_thread_blocked, id=18392, stack(0x000000eb4c600000,0x000000eb4cb00000)]
  0x000002a7759b5000 JavaThread "Reference Handler" daemon [_thread_blocked, id=7640, stack(0x000000eb4c100000,0x000000eb4c600000)]
  0x000002a7758c4000 JavaThread "main" [_thread_blocked, id=1528, stack(0x000000eb4bb00000,0x000000eb4bc00000)]

Other Threads:
  0x000002a77da50000 VMThread [stack: 0x000000eb4c000000,0x000000eb4c100000] [id=12888]
  0x000002a77daff800 WatcherThread [stack: 0x000000eb4dd00000,0x000000eb4de00000] [id=16644]

VM state:not at safepoint (normal execution)

VM Mutex/Monitor currently owned by a thread: None

Heap:
 PSYoungGen      total 57344K, used 8373K [0x00000007bc400000, 0x00000007c0000000, 0x00000007c0000000)
  eden space 53248K, 10% used [0x00000007bc400000,0x00000007bc950e88,0x00000007bf800000)
  from space 4096K, 71% used [0x00000007bfc00000,0x00000007bfedc7a0,0x00000007c0000000)
  to   space 4096K, 0% used [0x00000007bf800000,0x00000007bf800000,0x00000007bfc00000)
 ParOldGen       total 169984K, used 66299K [0x0000000700000000, 0x000000070a600000, 0x00000007bc400000)
  object space 169984K, 39% used [0x0000000700000000,0x00000007040bed48,0x000000070a600000)
 Metaspace       used 75471K, capacity 76223K, committed 76928K, reserved 1116160K
  class space    used 10181K, capacity 10344K, committed 10368K, reserved 1048576K

Card table byte_map: [0x000002a775d80000,0x000002a776390000] byte_map_base: 0x000002a772580000

Marking Bits: (ParMarkBitMap*) 0x0000000051f9a6d0
 Begin Bits: [0x000002a776980000, 0x000002a779980000)
 End Bits:   [0x000002a779980000, 0x000002a77c980000)

Polling page: 0x000002a76c710000

CodeCache: size=245760Kb used=64891Kb max_used=64971Kb free=180868Kb
 bounds [0x000002a700000000, 0x000002a704000000, 0x000002a70f000000]
 total_blobs=17554 nmethods=16590 adapters=868
 compilation: enabled

Compilation events (10 events):
Event: 3889.424 Thread 0x000002a77dafa000 22319       3       ui.views.bw::i (5 bytes)
Event: 3889.425 Thread 0x000002a77dafa000 nmethod 22319 0x000002a702d153d0 code [0x000002a702d15540, 0x000002a702d156d0]
Event: 3889.445 Thread 0x000002a77dafa000 22320       3       ui.views.bw::h (1 bytes)
Event: 3889.446 Thread 0x000002a77dafa000 nmethod 22320 0x000002a702d15090 code [0x000002a702d151e0, 0x000002a702d15338]
Event: 3890.970 Thread 0x000002a77daf5000 22321       4       ui.views.x.b.u::getPreferredSize (121 bytes)
Event: 3891.017 Thread 0x000002a77daf5000 nmethod 22321 0x000002a7029198d0 code [0x000002a702919be0, 0x000002a70291aa38]
Event: 3893.100 Thread 0x000002a77dafa000 22322       3       ui.utils.o.u.j::stateChanged (15 bytes)
Event: 3893.100 Thread 0x000002a77dafa000 nmethod 22322 0x000002a7014fce50 code [0x000002a7014fcfc0, 0x000002a7014fd3b8]
Event: 3893.101 Thread 0x000002a77dafa000 22323       3       ui.utils.o.u.i::AT (1 bytes)
Event: 3893.101 Thread 0x000002a77dafa000 nmethod 22323 0x000002a70022c0d0 code [0x000002a70022c220, 0x000002a70022c378]

GC Heap History (10 events):
Event: 3790.936 GC heap before
{Heap before GC invocations=853 (full 293):
 PSYoungGen      total 56832K, used 55203K [0x00000007bc400000, 0x00000007c0000000, 0x00000007c0000000)
  eden space 52224K, 100% used [0x00000007bc400000,0x00000007bf700000,0x00000007bf700000)
  from space 4608K, 64% used [0x00000007bf700000,0x00000007bf9e8fe8,0x00000007bfb80000)
  to   space 4608K, 0% used [0x00000007bfb80000,0x00000007bfb80000,0x00000007c0000000)
 ParOldGen       total 169984K, used 66137K [0x0000000700000000, 0x000000070a600000, 0x00000007bc400000)
  object space 169984K, 38% used [0x0000000700000000,0x0000000704096500,0x000000070a600000)
 Metaspace       used 75455K, capacity 76159K, committed 76928K, reserved 1116160K
  class space    used 10181K, capacity 10344K, committed 10368K, reserved 1048576K
Event: 3790.943 GC heap after
Heap after GC invocations=853 (full 293):
 PSYoungGen      total 56832K, used 3122K [0x00000007bc400000, 0x00000007c0000000, 0x00000007c0000000)
  eden space 52224K, 0% used [0x00000007bc400000,0x00000007bc400000,0x00000007bf700000)
  from space 4608K, 67% used [0x00000007bfb80000,0x00000007bfe8c848,0x00000007c0000000)
  to   space 4608K, 0% used [0x00000007bf700000,0x00000007bf700000,0x00000007bfb80000)
 ParOldGen       total 169984K, used 66153K [0x0000000700000000, 0x000000070a600000, 0x00000007bc400000)
  object space 169984K, 38% used [0x0000000700000000,0x000000070409a500,0x000000070a600000)
 Metaspace       used 75455K, capacity 76159K, committed 76928K, reserved 1116160K
  class space    used 10181K, capacity 10344K, committed 10368K, reserved 1048576K
}
Event: 3881.885 GC heap before
{Heap before GC invocations=854 (full 293):
 PSYoungGen      total 56832K, used 55346K [0x00000007bc400000, 0x00000007c0000000, 0x00000007c0000000)
  eden space 52224K, 100% used [0x00000007bc400000,0x00000007bf700000,0x00000007bf700000)
  from space 4608K, 67% used [0x00000007bfb80000,0x00000007bfe8c848,0x00000007c0000000)
  to   space 4608K, 0% used [0x00000007bf700000,0x00000007bf700000,0x00000007bfb80000)
 ParOldGen       total 169984K, used 66153K [0x0000000700000000, 0x000000070a600000, 0x00000007bc400000)
  object space 169984K, 38% used [0x0000000700000000,0x000000070409a500,0x000000070a600000)
 Metaspace       used 75455K, capacity 76159K, committed 76928K, reserved 1116160K
  class space    used 10181K, capacity 10344K, committed 10368K, reserved 1048576K
Event: 3881.892 GC heap after
Heap after GC invocations=854 (full 293):
 PSYoungGen      total 56832K, used 3075K [0x00000007bc400000, 0x00000007c0000000, 0x00000007c0000000)
  eden space 52224K, 0% used [0x00000007bc400000,0x00000007bc400000,0x00000007bf700000)
  from space 4608K, 66% used [0x00000007bf700000,0x00000007bfa00fe8,0x00000007bfb80000)
  to   space 4096K, 0% used [0x00000007bfc00000,0x00000007bfc00000,0x00000007c0000000)
 ParOldGen       total 169984K, used 66161K [0x0000000700000000, 0x000000070a600000, 0x00000007bc400000)
  object space 169984K, 38% used [0x0000000700000000,0x000000070409c500,0x000000070a600000)
 Metaspace       used 75455K, capacity 76159K, committed 76928K, reserved 1116160K
  class space    used 10181K, capacity 10344K, committed 10368K, reserved 1048576K
}
Event: 3882.391 GC heap before
{Heap before GC invocations=855 (full 293):
 PSYoungGen      total 56832K, used 55299K [0x00000007bc400000, 0x00000007c0000000, 0x00000007c0000000)
  eden space 52224K, 100% used [0x00000007bc400000,0x00000007bf700000,0x00000007bf700000)
  from space 4608K, 66% used [0x00000007bf700000,0x00000007bfa00fe8,0x00000007bfb80000)
  to   space 4096K, 0% used [0x00000007bfc00000,0x00000007bfc00000,0x00000007c0000000)
 ParOldGen       total 169984K, used 66161K [0x0000000700000000, 0x000000070a600000, 0x00000007bc400000)
  object space 169984K, 38% used [0x0000000700000000,0x000000070409c500,0x000000070a600000)
 Metaspace       used 75461K, capacity 76223K, committed 76928K, reserved 1116160K
  class space    used 10181K, capacity 10344K, committed 10368K, reserved 1048576K
Event: 3882.398 GC heap after
Heap after GC invocations=855 (full 293):
 PSYoungGen      total 57344K, used 2852K [0x00000007bc400000, 0x00000007c0000000, 0x00000007c0000000)
  eden space 53248K, 0% used [0x00000007bc400000,0x00000007bc400000,0x00000007bf800000)
  from space 4096K, 69% used [0x00000007bfc00000,0x00000007bfec9088,0x00000007c0000000)
  to   space 4096K, 0% used [0x00000007bf800000,0x00000007bf800000,0x00000007bfc00000)
 ParOldGen       total 169984K, used 66169K [0x0000000700000000, 0x000000070a600000, 0x00000007bc400000)
  object space 169984K, 38% used [0x0000000700000000,0x000000070409e500,0x000000070a600000)
 Metaspace       used 75461K, capacity 76223K, committed 76928K, reserved 1116160K
  class space    used 10181K, capacity 10344K, committed 10368K, reserved 1048576K
}
Event: 3886.895 GC heap before
{Heap before GC invocations=856 (full 293):
 PSYoungGen      total 57344K, used 56100K [0x00000007bc400000, 0x00000007c0000000, 0x00000007c0000000)
  eden space 53248K, 100% used [0x00000007bc400000,0x00000007bf800000,0x00000007bf800000)
  from space 4096K, 69% used [0x00000007bfc00000,0x00000007bfec9088,0x00000007c0000000)
  to   space 4096K, 0% used [0x00000007bf800000,0x00000007bf800000,0x00000007bfc00000)
 ParOldGen       total 169984K, used 66169K [0x0000000700000000, 0x000000070a600000, 0x00000007bc400000)
  object space 169984K, 38% used [0x0000000700000000,0x000000070409e500,0x000000070a600000)
 Metaspace       used 75467K, capacity 76223K, committed 76928K, reserved 1116160K
  class space    used 10181K, capacity 10344K, committed 10368K, reserved 1048576K
Event: 3886.911 GC heap after
Heap after GC invocations=856 (full 293):
 PSYoungGen      total 57344K, used 2916K [0x00000007bc400000, 0x00000007c0000000, 0x00000007c0000000)
  eden space 53248K, 0% used [0x00000007bc400000,0x00000007bc400000,0x00000007bf800000)
  from space 4096K, 71% used [0x00000007bf800000,0x00000007bfad9088,0x00000007bfc00000)
  to   space 4096K, 0% used [0x00000007bfc00000,0x00000007bfc00000,0x00000007c0000000)
 ParOldGen       total 169984K, used 66193K [0x0000000700000000, 0x000000070a600000, 0x00000007bc400000)
  object space 169984K, 38% used [0x0000000700000000,0x00000007040a4500,0x000000070a600000)
 Metaspace       used 75467K, capacity 76223K, committed 76928K, reserved 1116160K
  class space    used 10181K, capacity 10344K, committed 10368K, reserved 1048576K
}
Event: 3891.026 GC heap before
{Heap before GC invocations=857 (full 293):
 PSYoungGen      total 57344K, used 56164K [0x00000007bc400000, 0x00000007c0000000, 0x00000007c0000000)
  eden space 53248K, 100% used [0x00000007bc400000,0x00000007bf800000,0x00000007bf800000)
  from space 4096K, 71% used [0x00000007bf800000,0x00000007bfad9088,0x00000007bfc00000)
  to   space 4096K, 0% used [0x00000007bfc00000,0x00000007bfc00000,0x00000007c0000000)
 ParOldGen       total 169984K, used 66193K [0x0000000700000000, 0x000000070a600000, 0x00000007bc400000)
  object space 169984K, 38% used [0x0000000700000000,0x00000007040a4500,0x000000070a600000)
 Metaspace       used 75470K, capacity 76223K, committed 76928K, reserved 1116160K
  class space    used 10181K, capacity 10344K, committed 10368K, reserved 1048576K
Event: 3891.039 GC heap after
Heap after GC invocations=857 (full 293):
 PSYoungGen      total 57344K, used 2929K [0x00000007bc400000, 0x00000007c0000000, 0x00000007c0000000)
  eden space 53248K, 0% used [0x00000007bc400000,0x00000007bc400000,0x00000007bf800000)
  from space 4096K, 71% used [0x00000007bfc00000,0x00000007bfedc7a0,0x00000007c0000000)
  to   space 4096K, 0% used [0x00000007bf800000,0x00000007bf800000,0x00000007bfc00000)
 ParOldGen       total 169984K, used 66299K [0x0000000700000000, 0x000000070a600000, 0x00000007bc400000)
  object space 169984K, 39% used [0x0000000700000000,0x00000007040bed48,0x000000070a600000)
 Metaspace       used 75470K, capacity 76223K, committed 76928K, reserved 1116160K
  class space    used 10181K, capacity 10344K, committed 10368K, reserved 1048576K
}

Deoptimization events (10 events):
Event: 3440.851 Thread 0x000002a77f474000 Uncommon trap: reason=class_check action=maybe_recompile pc=0x000002a7025e1f7c method=com.jidesoft.grid.TreeTableCellRenderer.getTableCellRendererComponent(Ljavax/swing/JTable;Ljava/lang/Object;ZZII)Ljava/awt/Component; @ 127
Event: 3543.503 Thread 0x000002a77f474000 Uncommon trap: reason=unstable_if action=reinterpret pc=0x000002a70263b248 method=com.jidesoft.swing.JideTabbedPane.isTabShown()Z @ 19
Event: 3543.503 Thread 0x000002a77f474000 Uncommon trap: reason=unstable_if action=reinterpret pc=0x000002a700b20720 method=com.jidesoft.swing.JideTabbedPane.isTabShown()Z @ 19
Event: 3645.606 Thread 0x000002a77f474000 Uncommon trap: reason=unstable_if action=reinterpret pc=0x000002a703d51fcc method=javax.swing.undo.UndoManager.trimForLimit()V @ 80
Event: 3645.606 Thread 0x000002a77f474000 Uncommon trap: reason=class_check action=maybe_recompile pc=0x000002a7023ad9a8 method=javax.swing.undo.UndoManager.trimEdits(II)V @ 20
Event: 3645.606 Thread 0x000002a77f474000 Uncommon trap: reason=unstable_if action=reinterpret pc=0x000002a70369b21c method=javax.swing.undo.UndoManager.trimForLimit()V @ 80
Event: 3645.606 Thread 0x000002a77f474000 Uncommon trap: reason=class_check action=maybe_recompile pc=0x000002a7023ad9a8 method=javax.swing.undo.UndoManager.trimEdits(II)V @ 20
Event: 3645.606 Thread 0x000002a77f474000 Uncommon trap: reason=class_check action=maybe_recompile pc=0x000002a7023ad9a8 method=javax.swing.undo.UndoManager.trimEdits(II)V @ 20
Event: 3645.606 Thread 0x000002a77f474000 Uncommon trap: reason=class_check action=maybe_recompile pc=0x000002a7023ad9a8 method=javax.swing.undo.UndoManager.trimEdits(II)V @ 20
Event: 3882.489 Thread 0x000002a77f474000 Uncommon trap: reason=class_check action=maybe_recompile pc=0x000002a7025e1f7c method=com.jidesoft.grid.TreeTableCellRenderer.getTableCellRendererComponent(Ljavax/swing/JTable;Ljava/lang/Object;ZZII)Ljava/awt/Component; @ 127

Internal exceptions (10 events):
Event: 2325.334 Thread 0x000002a77f474000 Implicit null exception at 0x000002a7035257a7 to 0x000002a703525d55
Event: 2325.334 Thread 0x000002a77f474000 Implicit null exception at 0x000002a702eb1512 to 0x000002a702eb1552
Event: 2335.873 Thread 0x000002a77f474000 Implicit null exception at 0x000002a7031bb573 to 0x000002a7031bb591
Event: 2335.873 Thread 0x000002a77f474000 Implicit null exception at 0x000002a701852cf3 to 0x000002a701852d11
Event: 2756.863 Thread 0x000002a77f474000 Implicit null exception at 0x000002a703b7915f to 0x000002a703b7ba4d
Event: 3057.219 Thread 0x000002a77f474000 Implicit null exception at 0x000002a703d0dc19 to 0x000002a703d0df6e
Event: 3108.847 Thread 0x000002a77f474000 Implicit null exception at 0x000002a7024f890d to 0x000002a7024f8ef5
Event: 3157.535 Thread 0x000002a77f474000 Implicit null exception at 0x000002a700a4f5b7 to 0x000002a700a50905
Event: 3157.535 Thread 0x000002a77f474000 Implicit null exception at 0x000002a7009b45a5 to 0x000002a7009b4b35
Event: 3257.722 Thread 0x000002a77f474000 Implicit null exception at 0x000002a70113eb48 to 0x000002a701146639

Events (10 events):
Event: 3888.912 Executing VM operation: BulkRevokeBias
Event: 3888.913 Executing VM operation: BulkRevokeBias done
Event: 3891.026 Executing VM operation: ParallelGCFailedAllocation
Event: 3891.039 Executing VM operation: ParallelGCFailedAllocation done
Event: 3892.487 Thread 0x000002a7129eb000 Thread added: 0x000002a7129eb000
Event: 3892.493 Executing VM operation: RevokeBias
Event: 3892.493 Executing VM operation: RevokeBias done
Event: 3892.493 Thread 0x000002a7129eb000 Thread exited: 0x000002a7129eb000
Event: 3893.100 Thread 0x000002a77dafa000 flushing nmethod 0x000002a70022bf90
Event: 3893.101 Thread 0x000002a77dafa000 flushing nmethod 0x000002a7002bc650


Dynamic libraries:
0x00007ff7a9ad0000 - 0x00007ff7a9b00000 	F:\Xilinx\Vivado\2018.2\bin\unwrapped\win64.o\vivado.exe
0x00007ffe2f380000 - 0x00007ffe2f56d000 	C:\Windows\SYSTEM32\ntdll.dll
0x00007ffe2e9d0000 - 0x00007ffe2ea83000 	C:\Windows\System32\KERNEL32.DLL
0x00007ffe2c310000 - 0x00007ffe2c5a3000 	C:\Windows\System32\KERNELBASE.dll
0x00007ffe2c1c0000 - 0x00007ffe2c2ba000 	C:\Windows\System32\ucrtbase.dll
0x00007ffe20670000 - 0x00007ffe20717000 	C:\Windows\SYSTEM32\MSVCP140.dll
0x00007ffe25550000 - 0x00007ffe25564000 	F:\Xilinx\Vivado\2018.2\lib\win64.o\libboost_signals.dll
0x00007ffe25210000 - 0x00007ffe25224000 	F:\Xilinx\Vivado\2018.2\lib\win64.o\librdi_commonmain.dll
0x00007ffe1cee0000 - 0x00007ffe1cef6000 	C:\Windows\SYSTEM32\VCRUNTIME140.dll
0x00007ffddfa10000 - 0x00007ffde0829000 	F:\Xilinx\Vivado\2018.2\lib\win64.o\librdi_common.dll
0x00007ffe2e7d0000 - 0x00007ffe2e967000 	C:\Windows\System32\USER32.dll
0x00007ffe2beb0000 - 0x00007ffe2bed0000 	C:\Windows\System32\win32u.dll
0x00007ffe2c840000 - 0x00007ffe2c869000 	C:\Windows\System32\GDI32.dll
0x00007ffe2bf80000 - 0x00007ffe2c11a000 	C:\Windows\System32\gdi32full.dll
0x00007ffe218d0000 - 0x00007ffe218f6000 	F:\Xilinx\Vivado\2018.2\lib\win64.o\libboost_filesystem.dll
0x00007ffe2c120000 - 0x00007ffe2c1c0000 	C:\Windows\System32\msvcp_win.dll
0x00007ffe2e5f0000 - 0x00007ffe2e693000 	C:\Windows\System32\ADVAPI32.dll
0x00007ffe2ec70000 - 0x00007ffe2ed0e000 	C:\Windows\System32\msvcrt.dll
0x00007ffe2ca20000 - 0x00007ffe2df10000 	C:\Windows\System32\SHELL32.dll
0x00007ffe2c610000 - 0x00007ffe2c6ae000 	C:\Windows\System32\sechost.dll
0x00007ffe25700000 - 0x00007ffe2570a000 	F:\Xilinx\Vivado\2018.2\lib\win64.o\librdi_commonversion.dll
0x00007ffe2c2c0000 - 0x00007ffe2c30a000 	C:\Windows\System32\cfgmgr32.dll
0x00007ffe2c710000 - 0x00007ffe2c832000 	C:\Windows\System32\RPCRT4.dll
0x00007ffe2eb90000 - 0x00007ffe2ec38000 	C:\Windows\System32\shcore.dll
0x00007ffe2edf0000 - 0x00007ffe2f11c000 	C:\Windows\System32\combase.dll
0x00007ffe2bba0000 - 0x00007ffe2bc1e000 	C:\Windows\System32\bcryptPrimitives.dll
0x00007ffe08850000 - 0x00007ffe08971000 	F:\Xilinx\Vivado\2018.2\lib\win64.o\librdi_commonxillic.dll
0x00007ffe2b450000 - 0x00007ffe2bb9a000 	C:\Windows\System32\windows.storage.dll
0x00007ffe2b420000 - 0x00007ffe2b444000 	C:\Windows\System32\profapi.dll
0x0000000052020000 - 0x000000005214b000 	F:\Xilinx\Vivado\2018.2\lib\win64.o\tcl85t.dll
0x00007ffe2b3c0000 - 0x00007ffe2b41d000 	C:\Windows\System32\powrprof.dll
0x00007ffe2f2e0000 - 0x00007ffe2f34d000 	C:\Windows\System32\WS2_32.dll
0x00007ffe2f120000 - 0x00007ffe2f172000 	C:\Windows\System32\shlwapi.dll
0x00007ffe2b3a0000 - 0x00007ffe2b3b1000 	C:\Windows\System32\kernel.appcore.dll
0x00007ffde1d60000 - 0x00007ffde20ce000 	F:\Xilinx\Vivado\2018.2\lib\win64.o\libCOIN-all.dll
0x00007ffe2bf30000 - 0x00007ffe2bf47000 	C:\Windows\System32\cryptsp.dll
0x00007ffde64c0000 - 0x00007ffde6775000 	F:\Xilinx\Vivado\2018.2\lib\win64.o\libXil_lmgr11.dll
0x00007ffe2e6a0000 - 0x00007ffe2e7c7000 	C:\Windows\System32\COMDLG32.dll
0x00007ffe225a0000 - 0x00007ffe225b4000 	F:\Xilinx\Vivado\2018.2\lib\win64.o\libboost_date_time.dll
0x00007ffe2ed20000 - 0x00007ffe2ede4000 	C:\Windows\System32\OLEAUT32.dll
0x00007ffe205f0000 - 0x00007ffe2066f000 	F:\Xilinx\Vivado\2018.2\lib\win64.o\libboost_program_options.dll
0x00007ffe2f180000 - 0x00007ffe2f2d5000 	C:\Windows\System32\ole32.dll
0x00007ffe2bed0000 - 0x00007ffe2bf29000 	C:\Windows\System32\WINTRUST.dll
0x00007ffe2b380000 - 0x00007ffe2b392000 	C:\Windows\System32\MSASN1.dll
0x00007ffe2bcd0000 - 0x00007ffe2beab000 	C:\Windows\System32\CRYPT32.dll
0x00007ffdfb6c0000 - 0x00007ffdfb7d4000 	F:\Xilinx\Vivado\2018.2\lib\win64.o\libboost_regex.dll
0x00007ffe25510000 - 0x00007ffe2551b000 	F:\Xilinx\Vivado\2018.2\lib\win64.o\libboost_system.dll
0x00007ffe217a0000 - 0x00007ffe217c1000 	F:\Xilinx\Vivado\2018.2\lib\win64.o\libboost_thread.dll
0x00007ffe253e0000 - 0x00007ffe253ef000 	F:\Xilinx\Vivado\2018.2\lib\win64.o\libboost_xilinx.dll
0x00007ffe13280000 - 0x00007ffe13302000 	F:\Xilinx\Vivado\2018.2\lib\win64.o\libhdlpsolve.dll
0x00007ffe04690000 - 0x00007ffe04735000 	F:\Xilinx\Vivado\2018.2\lib\win64.o\libhdxml.dll
0x00007ffddf150000 - 0x00007ffddfa03c00 	F:\Xilinx\Vivado\2018.2\lib\win64.o\libisl_iostreams.dll
0x00007ffe205c0000 - 0x00007ffe205ee000 	F:\Xilinx\Vivado\2018.2\lib\win64.o\libisl_sysinfo.dll
0x00007ffe1bea0000 - 0x00007ffe1bf05000 	F:\Xilinx\Vivado\2018.2\lib\win64.o\liblmx6.0.dll
0x00007ffe22570000 - 0x00007ffe2258a000 	F:\Xilinx\Vivado\2018.2\lib\win64.o\pthreadVC2.dll
0x00007ffdf6d40000 - 0x00007ffdf6e91000 	F:\Xilinx\Vivado\2018.2\lib\win64.o\librdi_curl.dll
0x00007ffe21a20000 - 0x00007ffe21a3c000 	F:\Xilinx\Vivado\2018.2\lib\win64.o\librdiconfig.dll
0x0000000051780000 - 0x000000005201a000 	F:\Xilinx\Vivado\2018.2\tps\win64\jre\bin\server\jvm.dll
0x00007ffe20530000 - 0x00007ffe20551000 	F:\Xilinx\Vivado\2018.2\lib\win64.o\librdizlib.dll
0x0000000012000000 - 0x0000000012272000 	F:\Xilinx\Vivado\2018.2\lib\win64.o\xerces-c_3_1.dll
0x00007ffe2df20000 - 0x00007ffe2df28000 	C:\Windows\System32\PSAPI.DLL
0x00007ffe0de30000 - 0x00007ffe0e375000 	C:\Windows\SYSTEM32\WININET.dll
0x00007ffe21da0000 - 0x00007ffe21e91000 	C:\Windows\SYSTEM32\WINHTTP.dll
0x00007ffe1fc10000 - 0x00007ffe1fde6000 	C:\Windows\SYSTEM32\urlmon.dll
0x00007ffe25250000 - 0x00007ffe25259000 	C:\Windows\SYSTEM32\WSOCK32.dll
0x00007ffe20210000 - 0x00007ffe2023e000 	C:\Windows\SYSTEM32\VCOMP140.DLL
0x00007ffdde2b0000 - 0x00007ffddf141000 	F:\Xilinx\Vivado\2018.2\lib\win64.o\gurobi65.dll
0x00007ffe1e050000 - 0x00007ffe1e067000 	C:\Windows\SYSTEM32\NETAPI32.dll
0x00007ffe03da0000 - 0x00007ffe03e49000 	C:\Windows\WinSxS\amd64_microsoft.windows.common-controls_6595b64144ccf1df_5.82.17763.503_none_10df0e8e64330b03\COMCTL32.dll
0x00007ffe23440000 - 0x00007ffe2345c000 	C:\Windows\SYSTEM32\dhcpcsvc.DLL
0x00007ffe2ed10000 - 0x00007ffe2ed18000 	C:\Windows\System32\NSI.dll
0x00007ffe235f0000 - 0x00007ffe235fd000 	F:\Xilinx\Vivado\2018.2\lib\win64.o\libboost_chrono.dll
0x00007ffe20ee0000 - 0x00007ffe20efb000 	F:\Xilinx\Vivado\2018.2\lib\win64.o\libboost_iostreams.dll
0x00007ffe201e0000 - 0x00007ffe20205000 	F:\Xilinx\Vivado\2018.2\lib\win64.o\libisl_iosutils.dll
0x00007ffe20a40000 - 0x00007ffe20a64000 	C:\Windows\SYSTEM32\WINMM.dll
0x00007ffe1e990000 - 0x00007ffe1e99a000 	C:\Windows\SYSTEM32\VERSION.dll
0x0000000052760000 - 0x0000000052832000 	C:\Windows\SYSTEM32\MSVCR100.dll
0x00007ffe1f040000 - 0x00007ffe1f2e8000 	C:\Windows\SYSTEM32\iertutil.dll
0x00007ffe1ff70000 - 0x00007ffe1ff9d000 	C:\Windows\SYSTEM32\winmmbase.dll
0x00007ffe2ad60000 - 0x00007ffe2ad6c000 	C:\Windows\SYSTEM32\CRYPTBASE.DLL
0x00007ffe2ec40000 - 0x00007ffe2ec6e000 	C:\Windows\System32\IMM32.DLL
0x00007ffe2b310000 - 0x00007ffe2b37e000 	C:\Windows\System32\dtrampo.dll
0x00007ffddde20000 - 0x00007ffdde2ac000 	F:\Xilinx\Vivado\2018.2\lib\win64.o\librdi_commontasks.dll
0x00007ffdf42c0000 - 0x00007ffdf4537000 	F:\Xilinx\Vivado\2018.2\lib\win64.o\librdi_sio.dll
0x00007ffe2a8f0000 - 0x00007ffe2a92d000 	C:\Windows\SYSTEM32\IPHLPAPI.DLL
0x00007ffdd93c0000 - 0x00007ffddb5bf000 	F:\Xilinx\Vivado\2018.2\lib\win64.o\librdi_tcltasks.dll
0x00007ffddda40000 - 0x00007ffddde15000 	F:\Xilinx\Vivado\2018.2\lib\win64.o\librdi_bitstream.dll
0x00007ffdf5ca0000 - 0x00007ffdf5e1e000 	F:\Xilinx\Vivado\2018.2\lib\win64.o\librdi_board.dll
0x00007ffe1a270000 - 0x00007ffe1a2da000 	F:\Xilinx\Vivado\2018.2\lib\win64.o\librdi_boarddep.dll
0x00007ffde2680000 - 0x00007ffde28c7000 	F:\Xilinx\Vivado\2018.2\lib\win64.o\librdi_chipscope.dll
0x00007ffdd1160000 - 0x00007ffdd29b9000 	F:\Xilinx\Vivado\2018.2\lib\win64.o\librdi_constraints.dll
0x00007ffdfb410000 - 0x00007ffdfb538000 	F:\Xilinx\Vivado\2018.2\lib\win64.o\librdi_containers.dll
0x00007ffdcf440000 - 0x00007ffdd1151000 	F:\Xilinx\Vivado\2018.2\lib\win64.o\librdi_coregen.dll
0x00007ffddd360000 - 0x00007ffddda39000 	F:\Xilinx\Vivado\2018.2\lib\win64.o\librdi_coregenipxact.dll
0x00007ffdcb6d0000 - 0x00007ffdcf432000 	F:\Xilinx\Vivado\2018.2\lib\win64.o\librdi_designutils.dll
0x00007ffdbced0000 - 0x00007ffdcb6c8000 	F:\Xilinx\Vivado\2018.2\lib\win64.o\librdi_device.dll
0x00007ffddd040000 - 0x00007ffddd358000 	F:\Xilinx\Vivado\2018.2\lib\win64.o\librdi_dlyest.dll
0x00007ffdd8e70000 - 0x00007ffdd93b1000 	F:\Xilinx\Vivado\2018.2\lib\win64.o\librdi_drc.dll
0x00007ffdfba50000 - 0x00007ffdfbb12000 	F:\Xilinx\Vivado\2018.2\lib\win64.o\librdi_dsp.dll
0x00007ffdd8830000 - 0x00007ffdd8e61000 	F:\Xilinx\Vivado\2018.2\lib\win64.o\librdi_filemgmt.dll
0x00007ffddcd60000 - 0x00007ffddd031000 	F:\Xilinx\Vivado\2018.2\lib\win64.o\librdi_guitools.dll
0x00007ffe0a130000 - 0x00007ffe0a188000 	F:\Xilinx\Vivado\2018.2\lib\win64.o\librdi_hdf.dll
0x00007ffdbbc90000 - 0x00007ffdbcec4000 	F:\Xilinx\Vivado\2018.2\lib\win64.o\librdi_implflow.dll
0x00007ffdd81d0000 - 0x00007ffdd8821000 	F:\Xilinx\Vivado\2018.2\lib\win64.o\librdi_memdata.dll
0x00007ffdb8480000 - 0x00007ffdbbc8a000 	F:\Xilinx\Vivado\2018.2\lib\win64.o\librdi_mig.dll
0x00007ffdd7d20000 - 0x00007ffdd81c2000 	F:\Xilinx\Vivado\2018.2\lib\win64.o\librdi_netlist.dll
0x00007ffe1edb0000 - 0x00007ffe1edf9000 	F:\Xilinx\Vivado\2018.2\lib\win64.o\librdi_pfi.dll
0x00007ffdb60e0000 - 0x00007ffdb847e000 	F:\Xilinx\Vivado\2018.2\lib\win64.o\librdi_place.dll
0x00007ffdb5e50000 - 0x00007ffdb60da000 	F:\Xilinx\Vivado\2018.2\lib\win64.o\librdi_platform.dll
0x00007ffdb5760000 - 0x00007ffdb5e4c000 	F:\Xilinx\Vivado\2018.2\lib\win64.o\librdi_power.dll
0x00007ffdb5220000 - 0x00007ffdb575d000 	F:\Xilinx\Vivado\2018.2\lib\win64.o\librdi_project.dll
0x00007ffdb4b30000 - 0x00007ffdb5211000 	F:\Xilinx\Vivado\2018.2\lib\win64.o\librdi_psta.dll
0x00007ffdb44f0000 - 0x00007ffdb4b2e000 	F:\Xilinx\Vivado\2018.2\lib\win64.o\librdi_rsb.dll
0x00007ffdb4120000 - 0x00007ffdb44e3000 	F:\Xilinx\Vivado\2018.2\lib\win64.o\librdi_runs.dll
0x00007ffdf9100000 - 0x00007ffdf91d7000 	F:\Xilinx\Vivado\2018.2\lib\win64.o\librdi_runsbase.dll
0x00007ffdb3ef0000 - 0x00007ffdb4116000 	F:\Xilinx\Vivado\2018.2\lib\win64.o\librdi_simdata.dll
0x00007ffdb31d0000 - 0x00007ffdb3eed000 	F:\Xilinx\Vivado\2018.2\lib\win64.o\librdi_timing.dll
0x00007ffdf8ef0000 - 0x00007ffdf8fbb000 	F:\Xilinx\Vivado\2018.2\lib\win64.o\librdi_xhub.dll
0x00007ffe08800000 - 0x00007ffe0884c000 	F:\Xilinx\Vivado\2018.2\lib\win64.o\libboost_serialization.dll
0x00007ffdfb610000 - 0x00007ffdfb6bf000 	F:\Xilinx\Vivado\2018.2\lib\win64.o\librdi_hip_devdesign.dll
0x00007ffe043e0000 - 0x00007ffe04446000 	F:\Xilinx\Vivado\2018.2\lib\win64.o\librdi_ipconfig_readwrite.dll
0x00007ffe1faf0000 - 0x00007ffe1fb28000 	F:\Xilinx\Vivado\2018.2\lib\win64.o\librdi_noc_frameworks.dll
0x00007ffdb26d0000 - 0x00007ffdb31c3000 	F:\Xilinx\Vivado\2018.2\lib\win64.o\libverific.dll
0x00007ffdfc4c0000 - 0x00007ffdfc548000 	F:\Xilinx\Vivado\2018.2\lib\win64.o\librdi_hip_config.dll
0x00007ffdb2180000 - 0x00007ffdb26ce000 	F:\Xilinx\Vivado\2018.2\lib\win64.o\librdi_xdm.dll
0x00007ffdf8a50000 - 0x00007ffdf8aee000 	F:\Xilinx\Vivado\2018.2\lib\win64.o\libise.dll
0x00007ffdb1bd0000 - 0x00007ffdb2171000 	F:\Xilinx\Vivado\2018.2\lib\win64.o\librdi_wavedata.dll
0x00007ffdfe1d0000 - 0x00007ffdfe219000 	F:\Xilinx\Vivado\2018.2\lib\win64.o\librdi_wavedata_SimpleApi.dll

VM Arguments:
jvm_args: -Dsun.java2d.pmoffscreen=false -Dsun.java2d.xrender=false -Dsun.java2d.d3d=false -Dsun.awt.nopixfmt=true -Xverify:none -Dswing.aatext=true -XX:-UsePerfData -Djdk.map.althashing.threshold=512 -XX:StringTableSize=4072 -XX:NewSize=60m -XX:MaxNewSize=60m -Xms128m -Xmx3072m -Xss5m 
java_command: <unknown>
java_class_path (initial): F:/Xilinx/Vivado/2018.2\lib\classes\alloy.jar;F:/Xilinx/Vivado/2018.2\lib\classes\autopilot.scelaborator.jar;F:/Xilinx/Vivado/2018.2\lib\classes\autopilot.sourceprocessor.jar;F:/Xilinx/Vivado/2018.2\lib\classes\autopilot.tbprocessor.jar;F:/Xilinx/Vivado/2018.2\lib\classes\batik-anim.jar;F:/Xilinx/Vivado/2018.2\lib\classes\batik-awt-util.jar;F:/Xilinx/Vivado/2018.2\lib\classes\batik-bridge.jar;F:/Xilinx/Vivado/2018.2\lib\classes\batik-codec.jar;F:/Xilinx/Vivado/2018.2\lib\classes\batik-css.jar;F:/Xilinx/Vivado/2018.2\lib\classes\batik-dom.jar;F:/Xilinx/Vivado/2018.2\lib\classes\batik-ext.jar;F:/Xilinx/Vivado/2018.2\lib\classes\batik-gui-util.jar;F:/Xilinx/Vivado/2018.2\lib\classes\batik-gvt.jar;F:/Xilinx/Vivado/2018.2\lib\classes\batik-parser.jar;F:/Xilinx/Vivado/2018.2\lib\classes\batik-script.jar;F:/Xilinx/Vivado/2018.2\lib\classes\batik-svg-dom.jar;F:/Xilinx/Vivado/2018.2\lib\classes\batik-swing.jar;F:/Xilinx/Vivado/2018.2\lib\classes\batik-transcoder.jar;F:/Xilinx/Vivado/2018.2\lib\classes\batik-util.jar;F:/Xilinx/Vivado/2018.2\lib\classes\batik-xml.jar;F:/Xilinx/Vivado/2018.2\lib\classes\com.ibm.icu_4.4.2.v20110208.jar;F:/Xilinx/Vivado/2018.2\lib\classes\commons-collections4-4.1.jar;F:/Xilinx/Vivado/2018.2\lib\classes\commons-math-2.2.jar;F:/Xilinx/Vivado/2018.2\lib\classes\dom4j-1.6.1.jar;F:/Xilinx/Vivado/2018.2\lib\classes\guava-18.0.jar;F:/Xilinx/Vivado/2018.2\lib\classes\help.jar;F:/Xilinx/Vivado/2018.2\lib\classes\hsqldb.jar;F:/Xilinx/Vivado/2018.2\lib\classes\jargs.jar;F:/Xilinx/Vivado/2018.2\lib\classes\jh.jar;F:/Xilinx/Vivado/2018.2\lib\classes\jide-action.jar;F:/Xilinx/Vivado/2018.2\lib\classes\jide-charts.jar;F:/Xilinx/Vivado/2018.2\lib\classes\jide-common.jar;F:/Xilinx/Vivado/2018.2\lib\classes\jide-components.jar;F:/Xilinx/Vivado/2018.2\lib\classes\jide-dashboard.jar;F:/Xilinx/Vivado/2018.2\lib\classes\jide-data.jar;F:/Xilinx/Vivado/2018.2\lib\classes\jide-dialogs.jar;F:/Xilinx/Vivado/2018.2\lib\classes\jide-diff.jar;F:/X
Launcher Type: generic

Environment Variables:
JAVA_HOME=C:\Program Files\Java\jdk-9.0.1
CLASSPATH=.;C:\Program Files\Java\jdk-9.0.1\lib
PATH=F:/Xilinx/Vivado/2018.2/bin;F:/Xilinx/Vivado/2018.2/lib/win64.o;F:/Xilinx/Vivado/2018.2/tps/win64/jre/bin/server;F:/Xilinx/Vivado/2018.2/tps/win64/jre/bin;F:/Xilinx/SDK/2018.2/bin;F:/Xilinx/Vivado/2018.2/ids_lite/ISE/bin/nt64;F:/Xilinx/Vivado/2018.2/ids_lite/ISE/lib/nt64;C:\ProgramData\Oracle\Java\javapath;C:\Windows\system32;C:\Windows;C:\Windows\System32\Wbem;C:\Windows\System32\WindowsPowerShell\v1.0\;C:\Windows\System32\OpenSSH\;C:\Program Files\Java\jdk-9.0.1\bin;C:\MinGW\bin£»;C:\Users\11438\AppData\Local\Programs\Python\Python37\Scripts\;C:\Users\11438\AppData\Local\Programs\Python\Python37\;C:\Users\11438\AppData\Local\Microsoft\WindowsApps;;F:\Program Files\JetBrains\PyCharm 2018.3.4\bin;F:\Program Files\JetBrains\CLion 2018.3.4\bin;F:/Xilinx/Vivado/2018.2\tps\mingw\6.2.0\win64.o\nt\bin;F:/Xilinx/Vivado/2018.2\tps\mingw\6.2.0\win64.o\nt\libexec\gcc\x86_64-w64-mingw32\6.2.0
USERNAME=11438
OS=Windows_NT
PROCESSOR_IDENTIFIER=Intel64 Family 6 Model 142 Stepping 9, GenuineIntel



---------------  S Y S T E M  ---------------

OS: Windows 10.0 , 64 bit Build 17763 (10.0.17763.475)

CPU:total 4 (2 cores per cpu, 2 threads per core) family 6 model 142 stepping 9, cmov, cx8, fxsr, mmx, sse, sse2, sse3, ssse3, sse4.1, sse4.2, popcnt, avx, avx2, aes, clmul, erms, 3dnowpref, lzcnt, ht, tsc, tscinvbit, bmi1, bmi2, adx

Memory: 4k page, physical 12460564k(7067156k free), swap 14361108k(6276608k free)

vm_info: Java HotSpot(TM) 64-Bit Server VM (25.112-b15) for windows-amd64 JRE (1.8.0_112-b15), built on Sep 22 2016 21:31:56 by "java_re" with MS VC++ 10.0 (VS2010)

time: Fri May 24 21:00:52 2019
elapsed time: 3893 seconds (0d 1h 4m 53s)

